# JRE version: Java(TM) SE Runtime Environment 18.9 (11.0.14+8) (build 11.0.14+8-LTS-263)
# Java VM: Java HotSpot(TM) 64-Bit Server VM 18.9 (11.0.14+8-LTS-263, mixed mode, tiered, compressed oops, g1 gc, windows-amd64)
Heap:
 garbage-first heap   total 757760K, used 381952K [0x0000000080000000, 0x0000000100000000)
  region size 1024K, 4 young (4096K), 4 survivors (4096K)
 Metaspace       used 160896K, capacity 166637K, committed 166856K, reserved 661504K
  class space    used 20247K, capacity 22505K, committed 22604K, reserved 516096K
GC Heap History (10 events):
Event: 337.408 GC heap after
{Heap after GC invocations=181 (full 0):
 garbage-first heap   total 548864K, used 464032K [0x0000000080000000, 0x0000000100000000)
  region size 1024K, 2 young (2048K), 2 survivors (2048K)
 Metaspace       used 159406K, capacity 165105K, committed 165320K, reserved 659456K
  class space    used 20112K, capacity 22317K, committed 22348K, reserved 516096K
}
Event: 337.890 GC heap before
{Heap before GC invocations=181 (full 0):
 garbage-first heap   total 548864K, used 475296K [0x0000000080000000, 0x0000000100000000)
  region size 1024K, 14 young (14336K), 2 survivors (2048K)
 Metaspace       used 159440K, capacity 165113K, committed 165320K, reserved 659456K
  class space    used 20112K, capacity 22317K, committed 22348K, reserved 516096K
}
Event: 337.941 GC heap after
{Heap after GC invocations=182 (full 0):
 garbage-first heap   total 548864K, used 461544K [0x0000000080000000, 0x0000000100000000)
  region size 1024K, 2 young (2048K), 2 survivors (2048K)
 Metaspace       used 159440K, capacity 165113K, committed 165320K, reserved 659456K
  class space    used 20112K, capacity 22317K, committed 22348K, reserved 516096K
}
Event: 351.599 GC heap before
{Heap before GC invocations=183 (full 0):
 garbage-first heap   total 548864K, used 482024K [0x0000000080000000, 0x0000000100000000)
  region size 1024K, 26 young (26624K), 2 survivors (2048K)
 Metaspace       used 159597K, capacity 165325K, committed 165704K, reserved 659456K
  class space    used 20104K, capacity 22290K, committed 22476K, reserved 516096K
}
Event: 351.655 GC heap after
{Heap after GC invocations=184 (full 0):
 garbage-first heap   total 548864K, used 439970K [0x0000000080000000, 0x0000000100000000)
  region size 1024K, 3 young (3072K), 3 survivors (3072K)
 Metaspace       used 159597K, capacity 165325K, committed 165704K, reserved 659456K
  class space    used 20104K, capacity 22290K, committed 22476K, reserved 516096K
}
Event: 371.207 GC heap before
{Heap before GC invocations=184 (full 0):
 garbage-first heap   total 548864K, used 462498K [0x0000000080000000, 0x0000000100000000)
  region size 1024K, 26 young (26624K), 3 survivors (3072K)
 Metaspace       used 160707K, capacity 166370K, committed 166600K, reserved 661504K
  class space    used 20233K, capacity 22466K, committed 22604K, reserved 516096K
}
Event: 371.687 GC heap after
{Heap after GC invocations=185 (full 0):
 garbage-first heap   total 548864K, used 386665K [0x0000000080000000, 0x0000000100000000)
  region size 1024K, 3 young (3072K), 3 survivors (3072K)
 Metaspace       used 160707K, capacity 166370K, committed 166600K, reserved 661504K
  class space    used 20233K, capacity 22466K, committed 22604K, reserved 516096K
}
Event: 438.648 GC heap before
{Heap before GC invocations=185 (full 0):
 garbage-first heap   total 548864K, used 409193K [0x0000000080000000, 0x0000000100000000)
  region size 1024K, 26 young (26624K), 3 survivors (3072K)
 Metaspace       used 160886K, capacity 166637K, committed 166856K, reserved 661504K
  class space    used 20247K, capacity 22505K, committed 22604K, reserved 516096K
}
Event: 439.627 GC heap after
{Heap after GC invocations=186 (full 0):
 garbage-first heap   total 548864K, used 378880K [0x0000000080000000, 0x0000000100000000)
  region size 1024K, 4 young (4096K), 4 survivors (4096K)
 Metaspace       used 160886K, capacity 166637K, committed 166856K, reserved 661504K
  class space    used 20247K, capacity 22505K, committed 22604K, reserved 516096K
}
Event: 445.757 GC heap before
{Heap before GC invocations=186 (full 0):
 garbage-first heap   total 548864K, used 402432K [0x0000000080000000, 0x0000000100000000)
  region size 1024K, 26 young (26624K), 4 survivors (4096K)
 Metaspace       used 160896K, capacity 166637K, committed 166856K, reserved 661504K
  class space    used 20247K, capacity 22505K, committed 22604K, reserved 516096K
}

