# JRE version: Java(TM) SE Runtime Environment 18.9 (11.0.14+8) (build 11.0.14+8-LTS-263)
# Java VM: Java HotSpot(TM) 64-Bit Server VM 18.9 (11.0.14+8-LTS-263, mixed mode, tiered, compressed oops, g1 gc, windows-amd64)
Heap:
 garbage-first heap   total 523264K, used 326290K [0x0000000080000000, 0x0000000100000000)
  region size 1024K, 29 young (29696K), 4 survivors (4096K)
 Metaspace       used 138707K, capacity 144140K, committed 144200K, reserved 641024K
  class space    used 17962K, capacity 20140K, committed 20172K, reserved 516096K
GC Heap History (10 events):
Event: 134.784 GC heap before
{Heap before GC invocations=109 (full 0):
 garbage-first heap   total 523264K, used 260898K [0x0000000080000000, 0x0000000100000000)
  region size 1024K, 60 young (61440K), 5 survivors (5120K)
 Metaspace       used 134882K, capacity 140014K, committed 140104K, reserved 636928K
  class space    used 17518K, capacity 19572K, committed 19660K, reserved 516096K
}
Event: 134.809 GC heap after
{Heap after GC invocations=110 (full 0):
 garbage-first heap   total 523264K, used 211968K [0x0000000080000000, 0x0000000100000000)
  region size 1024K, 8 young (8192K), 8 survivors (8192K)
 Metaspace       used 134882K, capacity 140014K, committed 140104K, reserved 636928K
  class space    used 17518K, capacity 19572K, committed 19660K, reserved 516096K
}
Event: 135.765 GC heap before
{Heap before GC invocations=110 (full 0):
 garbage-first heap   total 523264K, used 266240K [0x0000000080000000, 0x0000000100000000)
  region size 1024K, 62 young (63488K), 8 survivors (8192K)
 Metaspace       used 135240K, capacity 140398K, committed 140616K, reserved 638976K
  class space    used 17545K, capacity 19607K, committed 19660K, reserved 516096K
}
Event: 135.792 GC heap after
{Heap after GC invocations=111 (full 0):
 garbage-first heap   total 523264K, used 218097K [0x0000000080000000, 0x0000000100000000)
  region size 1024K, 6 young (6144K), 6 survivors (6144K)
 Metaspace       used 135240K, capacity 140398K, committed 140616K, reserved 638976K
  class space    used 17545K, capacity 19607K, committed 19660K, reserved 516096K
}
Event: 136.884 GC heap before
{Heap before GC invocations=111 (full 0):
 garbage-first heap   total 523264K, used 283633K [0x0000000080000000, 0x0000000100000000)
  region size 1024K, 70 young (71680K), 6 survivors (6144K)
 Metaspace       used 135420K, capacity 140549K, committed 140616K, reserved 638976K
  class space    used 17545K, capacity 19607K, committed 19660K, reserved 516096K
}
Event: 136.898 GC heap after
{Heap after GC invocations=112 (full 0):
 garbage-first heap   total 523264K, used 219005K [0x0000000080000000, 0x0000000100000000)
  region size 1024K, 2 young (2048K), 2 survivors (2048K)
 Metaspace       used 135420K, capacity 140549K, committed 140616K, reserved 638976K
  class space    used 17545K, capacity 19607K, committed 19660K, reserved 516096K
}
Event: 139.099 GC heap before
{Heap before GC invocations=112 (full 0):
 garbage-first heap   total 523264K, used 322429K [0x0000000080000000, 0x0000000100000000)
  region size 1024K, 96 young (98304K), 2 survivors (2048K)
 Metaspace       used 137300K, capacity 142619K, committed 142792K, reserved 638976K
  class space    used 17795K, capacity 19917K, committed 20044K, reserved 516096K
}
Event: 139.180 GC heap after
{Heap after GC invocations=113 (full 0):
 garbage-first heap   total 523264K, used 233965K [0x0000000080000000, 0x0000000100000000)
  region size 1024K, 12 young (12288K), 12 survivors (12288K)
 Metaspace       used 137300K, capacity 142619K, committed 142792K, reserved 638976K
  class space    used 17795K, capacity 19917K, committed 20044K, reserved 516096K
}
Event: 140.922 GC heap before
{Heap before GC invocations=113 (full 0):
 garbage-first heap   total 523264K, used 269805K [0x0000000080000000, 0x0000000100000000)
  region size 1024K, 40 young (40960K), 12 survivors (12288K)
 Metaspace       used 138496K, capacity 143890K, committed 144200K, reserved 641024K
  class space    used 17936K, capacity 20100K, committed 20172K, reserved 516096K
}
Event: 140.987 GC heap after
{Heap after GC invocations=114 (full 0):
 garbage-first heap   total 523264K, used 239250K [0x0000000080000000, 0x0000000100000000)
  region size 1024K, 4 young (4096K), 4 survivors (4096K)
 Metaspace       used 138496K, capacity 143890K, committed 144200K, reserved 641024K
  class space    used 17936K, capacity 20100K, committed 20172K, reserved 516096K
}

